<?xml version="1.0" encoding="UTF-8"?>
<testExecutions version="1">
  <file path="C:\Users\Adrian\UnB\MDS\SONAR_hospitalar\frontend\src\tests\api.test.ts">
    <testCase name="Cadastrar usuário" duration="554"/>
    <testCase name="Testando login" duration="844"/>
    <testCase name="Teste de requisição GET" duration="298"/>
    <testCase name="Teste de requisição POST" duration="609"/>
    <testCase name="Teste de requisição PUT" duration="947"/>
    <testCase name="Teste de requisição DELETE" duration="285"/>
    <testCase name="Testando logout" duration="233"/>
  </file>
</testExecutions>